<?xml version="1.0" encoding="UTF-8"?>
<!-- Generated by org.testng.reporters.JUnitReportReporter -->
<testsuite hostname="LAPTOP-TBINTVVH" failures="0" tests="1" name="test.LoginTest" time="24.882" errors="0" timestamp="2021-11-03T17:12:15 EDT" skipped="0">
  <testcase classname="test.LoginTest" name="validuserShouldBeAbleToLogin" time="24.882"/>
  <system-out/>
</testsuite> <!-- test.LoginTest -->
